nohup: ignoring input
Device: cuda NVIDIA RTX A6000
Loaded sequences: ['000', '003', '006', '010', '011', '018', '020', '026', '028', '029']

===== Training temporal_weight=7.0000 =====
[tw=7.0000] step 1/1000 loss=0.403858 rec=0.034335 temp=0.052789 reg=0.000000
[tw=7.0000] step 100/1000 loss=0.337770 rec=0.028264 temp=0.044214 reg=0.000166
[tw=7.0000] step 200/1000 loss=0.198332 rec=0.016717 temp=0.025942 reg=0.000366
[tw=7.0000] step 300/1000 loss=0.398477 rec=0.033305 temp=0.052162 reg=0.000804
[tw=7.0000] step 400/1000 loss=0.340659 rec=0.029060 temp=0.044510 reg=0.000561
[tw=7.0000] step 500/1000 loss=0.166881 rec=0.014406 temp=0.021778 reg=0.000634
[tw=7.0000] step 600/1000 loss=0.318410 rec=0.026417 temp=0.041707 reg=0.000917
[tw=7.0000] step 700/1000 loss=0.194769 rec=0.015963 temp=0.025537 reg=0.000947
[tw=7.0000] step 800/1000 loss=0.153503 rec=0.013027 temp=0.020061 reg=0.000962
[tw=7.0000] step 900/1000 loss=0.268561 rec=0.022668 temp=0.035120 reg=0.001095
[tw=7.0000] step 1000/1000 loss=0.196931 rec=0.016902 temp=0.025711 reg=0.001051
Direction A11: Train-time Temporal Fine-tuning with Tiny Temporal Refiner

FUGR-C test reference:
{'temporal_weight': -1.0, 'split': 'test', 'num_sequences': 5, 'num_frames': 20, 'psnr': 30.573068312790003, 'ssim': 0.8276376376549403, 'sharpness': 0.0010731067653978244, 'tde': 0.030686925910413266, 'fugr_psnr': 30.573068312790003, 'fugr_ssim': 0.8276376376549403, 'fugr_sharpness': 0.0010731067653978244, 'fugr_tde': 0.030686925910413266, 'delta_psnr_vs_fugr': 0.0, 'delta_ssim_vs_fugr': 0.0, 'delta_tde_vs_fugr': 0.0}

Best test PSNR row:
{'temporal_weight': 7.0, 'split': 'test', 'num_sequences': 5, 'num_frames': 20, 'psnr': 30.586597360037427, 'ssim': 0.8282712012529373, 'sharpness': 0.0010971613199217245, 'tde': 0.03068436967829863, 'fugr_psnr': 30.573068312790003, 'fugr_ssim': 0.8276376376549403, 'fugr_sharpness': 0.0010731067653978244, 'fugr_tde': 0.030686925910413266, 'delta_psnr_vs_fugr': 0.013529047247423875, 'delta_ssim_vs_fugr': 0.0006335635979970444, 'delta_tde_vs_fugr': -2.556232114637319e-06}

Best test TDE row:
{'temporal_weight': 7.0, 'split': 'test', 'num_sequences': 5, 'num_frames': 20, 'psnr': 30.586597360037427, 'ssim': 0.8282712012529373, 'sharpness': 0.0010971613199217245, 'tde': 0.03068436967829863, 'fugr_psnr': 30.573068312790003, 'fugr_ssim': 0.8276376376549403, 'fugr_sharpness': 0.0010731067653978244, 'fugr_tde': 0.030686925910413266, 'delta_psnr_vs_fugr': 0.013529047247423875, 'delta_ssim_vs_fugr': 0.0006335635979970444, 'delta_tde_vs_fugr': -2.556232114637319e-06}

Interpretation:
A11 moves beyond fixed post-hoc rules by training a lightweight temporal refiner. If the trained refiner improves test PSNR or TDE, it can be reported as evidence that train-time temporal learning is more promising than rule-based post-processing. If it overfits calibration and fails on test, it reinforces the boundary-analysis conclusion.

Saved: /home/schung760/my_storage2_1T/AIAA3201_Part3_outputs/DirectionA/A11_seed_stability_tw7/seed_2
