nohup: ignoring input
Device: cuda NVIDIA RTX A6000
Loaded sequences: ['000', '003', '006', '010', '011', '018', '020', '026', '028', '029']

===== Training temporal_weight=7.0000 =====
[tw=7.0000] step 1/1000 loss=0.179662 rec=0.015055 temp=0.023515 reg=0.000000
[tw=7.0000] step 100/1000 loss=0.362143 rec=0.029656 temp=0.047497 reg=0.000154
[tw=7.0000] step 200/1000 loss=0.226254 rec=0.018264 temp=0.029710 reg=0.000461
[tw=7.0000] step 300/1000 loss=0.305393 rec=0.026081 temp=0.039895 reg=0.000921
[tw=7.0000] step 400/1000 loss=0.334554 rec=0.028865 temp=0.043663 reg=0.000937
[tw=7.0000] step 500/1000 loss=0.363808 rec=0.029676 temp=0.047726 reg=0.001021
[tw=7.0000] step 600/1000 loss=0.350974 rec=0.029779 temp=0.045878 reg=0.001057
[tw=7.0000] step 700/1000 loss=0.331548 rec=0.028206 temp=0.043328 reg=0.000936
[tw=7.0000] step 800/1000 loss=0.285476 rec=0.023956 temp=0.037351 reg=0.001310
[tw=7.0000] step 900/1000 loss=0.290775 rec=0.025339 temp=0.037911 reg=0.001165
[tw=7.0000] step 1000/1000 loss=0.257503 rec=0.020852 temp=0.033800 reg=0.001028
Direction A11: Train-time Temporal Fine-tuning with Tiny Temporal Refiner

FUGR-C test reference:
{'temporal_weight': -1.0, 'split': 'test', 'num_sequences': 5, 'num_frames': 20, 'psnr': 30.573068312790003, 'ssim': 0.8276376376549403, 'sharpness': 0.0010731067653978244, 'tde': 0.030686925910413266, 'fugr_psnr': 30.573068312790003, 'fugr_ssim': 0.8276376376549403, 'fugr_sharpness': 0.0010731067653978244, 'fugr_tde': 0.030686925910413266, 'delta_psnr_vs_fugr': 0.0, 'delta_ssim_vs_fugr': 0.0, 'delta_tde_vs_fugr': 0.0}

Best test PSNR row:
{'temporal_weight': 7.0, 'split': 'test', 'num_sequences': 5, 'num_frames': 20, 'psnr': 30.586397859416053, 'ssim': 0.8281480441490808, 'sharpness': 0.0010981856612488627, 'tde': 0.030682311020791532, 'fugr_psnr': 30.573068312790003, 'fugr_ssim': 0.8276376376549403, 'fugr_sharpness': 0.0010731067653978244, 'fugr_tde': 0.030686925910413266, 'delta_psnr_vs_fugr': 0.013329546626049904, 'delta_ssim_vs_fugr': 0.0005104064941405806, 'delta_tde_vs_fugr': -4.614889621733925e-06}

Best test TDE row:
{'temporal_weight': 7.0, 'split': 'test', 'num_sequences': 5, 'num_frames': 20, 'psnr': 30.586397859416053, 'ssim': 0.8281480441490808, 'sharpness': 0.0010981856612488627, 'tde': 0.030682311020791532, 'fugr_psnr': 30.573068312790003, 'fugr_ssim': 0.8276376376549403, 'fugr_sharpness': 0.0010731067653978244, 'fugr_tde': 0.030686925910413266, 'delta_psnr_vs_fugr': 0.013329546626049904, 'delta_ssim_vs_fugr': 0.0005104064941405806, 'delta_tde_vs_fugr': -4.614889621733925e-06}

Interpretation:
A11 moves beyond fixed post-hoc rules by training a lightweight temporal refiner. If the trained refiner improves test PSNR or TDE, it can be reported as evidence that train-time temporal learning is more promising than rule-based post-processing. If it overfits calibration and fails on test, it reinforces the boundary-analysis conclusion.

Saved: /home/schung760/my_storage2_1T/AIAA3201_Part3_outputs/DirectionA/A11_seed_stability_tw7/seed_1
